\BOOKMARK [0][-]{chapter.1}{\376\377\004\021\004\060\004\067\004\076\004\062\004\113\004\071\000\040\004\077\004\076\004\070\004\101\004\072\000\040\004\077\004\076\000\040\004\115\004\073\004\065\004\072\004\102\004\100\004\076\004\075\004\075\004\076\004\074\004\103\000\040\004\063\004\065\004\100\004\061\004\060\004\100\004\070\004\116}{}% 1
\BOOKMARK [1][-]{section.1.1}{\376\377\004\022\004\076\004\067\004\074\004\076\004\066\004\075\004\076\004\101\004\102\004\070}{chapter.1}% 2
\BOOKMARK [1][-]{section.1.2}{\376\377\004\037\004\076\004\070\004\101\004\072\004\076\004\062\004\076\004\065\000\040\004\074\004\065\004\075\004\116}{chapter.1}% 3
\BOOKMARK [1][-]{section.1.3}{\376\377\004\044\004\070\004\073\004\114\004\102\004\100\004\060\004\106\004\070\004\117\000\040\004\100\004\065\004\067\004\103\004\073\004\114\004\102\004\060\004\102\004\076\004\062\000\040\004\077\004\076\004\070\004\101\004\072\004\060}{chapter.1}% 4
\BOOKMARK [0][-]{chapter.2}{\376\377\004\020\004\062\004\102\004\076\004\074\004\060\004\102\004\070\004\067\004\060\004\106\004\070\004\117\000\040\004\077\004\076\004\070\004\101\004\072\004\060\000\040\004\063\004\065\004\100\004\061\004\060\004\100\004\075\004\113\004\105\000\040\004\067\004\060\004\077\004\070\004\101\004\065\004\071\000\040\004\062\000\040\004\061\004\060\004\067\004\065\000\040\004\064\004\060\004\075\004\075\004\113\004\105}{}% 5
\BOOKMARK [1][-]{section.2.1}{\376\377\004\022\004\062\004\065\004\064\004\065\004\075\004\070\004\065}{chapter.2}% 6
\BOOKMARK [1][-]{section.2.2}{\376\377\004\037\004\060\004\100\004\060\004\074\004\065\004\102\004\100\004\113\000\040\004\067\004\060\004\077\004\100\004\076\004\101\004\076\004\062}{chapter.2}% 7
\BOOKMARK [1][-]{section.2.3}{\376\377\004\037\004\060\004\100\004\060\004\074\004\065\004\102\004\100\004\113\000\040\004\076\004\102\004\062\004\065\004\102\004\060\000\040\004\101\004\065\004\100\004\062\004\065\004\100\004\060}{chapter.2}% 8
\BOOKMARK [1][-]{section.2.4}{\376\377\004\036\004\063\004\100\004\060\004\075\004\070\004\107\004\065\004\075\004\070\004\117}{chapter.2}% 9
\BOOKMARK [1][-]{section.2.5}{\376\377\004\037\004\100\004\070\004\074\004\065\004\100\004\113}{chapter.2}% 10
\BOOKMARK [0][-]{chapter.3}{\376\377\004\020\004\064\004\074\004\070\004\075\004\070\004\101\004\102\004\100\004\070\004\100\004\076\004\062\004\060\004\075\004\070\004\065\000\040\004\115\004\073\004\065\004\072\004\102\004\100\004\076\004\075\004\075\004\076\004\063\004\076\000\040\004\063\004\065\004\100\004\061\004\060\004\100\004\070\004\117\000\040\004\021\004\041\004\030\000\040\004\024\004\022\004\036\000\040\004\040\004\020\004\035}{}% 11
\BOOKMARK [1][-]{section.3.1}{\376\377\004\022\004\062\004\065\004\064\004\065\004\075\004\070\004\065}{chapter.3}% 12
\BOOKMARK [1][-]{section.3.2}{\376\377\004\041\004\102\004\100\004\103\004\072\004\102\004\103\004\100\004\060\000\040\004\115\004\073\004\065\004\072\004\102\004\100\004\076\004\075\004\075\004\076\004\063\004\076\000\040\004\063\004\065\004\100\004\061\004\060\004\100\004\070\004\117}{chapter.3}% 13
\BOOKMARK [1][-]{section.3.3}{\376\377\004\037\004\076\004\073\004\117\000\040\004\104\004\076\004\100\004\074\004\113\000\040\004\070\000\040\004\070\004\105\000\040\004\075\004\060\004\067\004\075\004\060\004\107\004\065\004\075\004\070\004\065}{chapter.3}% 14
\BOOKMARK [1][-]{section.3.4}{\376\377\004\037\004\065\004\100\004\101\004\076\004\075\004\060\004\073\004\114\004\075\004\060\004\117\000\040\004\101\004\102\004\100\004\060\004\075\004\070\004\106\004\060\000\040\004\076\004\061\004\100\004\060\004\067\004\106\004\060}{chapter.3}% 15
\BOOKMARK [1][-]{section.3.5}{\376\377\004\055\004\102\004\070\004\072\004\065\004\102\004\072\004\060}{chapter.3}% 16
\BOOKMARK [1][-]{section.3.6}{\376\377\004\055\004\102\004\070\004\072\004\065\004\102\004\072\004\060\000-\004\032\004\076\004\075\004\062\004\065\004\100\004\102}{chapter.3}% 17
\BOOKMARK [1][-]{section.3.7}{\376\377\004\050\004\102\004\100\004\070\004\105\004\072\004\076\004\064\004\070\004\100\004\076\004\062\004\060\004\075\004\070\004\065\000\040\004\076\004\061\004\100\004\060\004\067\004\106\004\076\004\062}{chapter.3}% 18
\BOOKMARK [1][-]{section.3.8}{\376\377\004\030\004\067\004\062\004\065\004\101\004\102\004\075\004\113\004\065\000\040\004\062\004\070\004\064\004\113}{chapter.3}% 19
\BOOKMARK [1][-]{section.3.9}{\376\377\004\041\004\076\004\076\004\061\004\111\004\065\004\075\004\070\004\117\000\040\004\076\004\061\000\040\004\076\004\110\004\070\004\061\004\072\004\060\004\105}{chapter.3}% 20
\BOOKMARK [1][-]{section.3.10}{\376\377\004\036\004\077\004\076\004\062\004\065\004\111\004\065\004\075\004\070\004\065\000\040\004\072\004\103\004\100\004\060\004\102\004\076\004\100\004\076\004\062\000\040\004\070\000\040\004\076\004\102\004\101\004\073\004\065\004\066\004\070\004\062\004\060\004\075\004\070\004\065\000\040\004\070\004\067\004\074\004\065\004\075\004\065\004\075\004\070\004\071}{chapter.3}% 21
\BOOKMARK [1][-]{section.3.11}{\376\377\004\034\004\075\004\076\004\066\004\065\004\101\004\102\004\062\004\065\004\075\004\075\004\076\004\065\000\040\004\100\004\065\004\064\004\060\004\072\004\102\004\070\004\100\004\076\004\062\004\060\004\075\004\070\004\065\000\040\004\061\004\060\004\067\004\113\000\040\004\064\004\060\004\075\004\075\004\113\004\105}{chapter.3}% 22
\BOOKMARK [1][-]{section.3.12}{\376\377\004\030\004\067\004\076\004\061\004\100\004\060\004\066\004\065\004\075\004\070\004\117}{chapter.3}% 23
\BOOKMARK [1][-]{section.3.13}{\376\377\004\027\004\060\004\074\004\065\004\107\004\060\004\075\004\070\004\117\000\040\004\077\004\076\000\040\004\100\004\060\004\061\004\076\004\102\004\065\000\040\004\077\004\076\004\064\004\101\004\070\004\101\004\102\004\065\004\074\004\113\000\040\004\060\004\062\004\102\004\076\004\067\004\060\004\077\004\076\004\073\004\075\004\065\004\075\004\070\004\117}{chapter.3}% 24
\BOOKMARK [0][-]{chapter.4}{\376\377\004\037\004\076\004\064\004\063\004\076\004\102\004\076\004\062\004\072\004\060\000\040\004\070\000\040\004\067\004\060\004\063\004\100\004\103\004\067\004\072\004\060\000\040\004\063\004\065\004\100\004\061\004\060\004\100\004\075\004\113\004\105\000\040\004\070\004\067\004\076\004\061\004\100\004\060\004\066\004\065\004\075\004\070\004\071}{}% 25
\BOOKMARK [1][-]{section.4.1}{\376\377\004\022\004\062\004\065\004\064\004\065\004\075\004\070\004\065}{chapter.4}% 26
\BOOKMARK [1][-]{section.4.2}{\376\377\004\034\004\065\004\075\004\116\000\040\004\067\004\060\004\063\004\100\004\103\004\067\004\072\004\070\000\040\004\070\004\067\004\076\004\061\004\100\004\060\004\066\004\065\004\075\004\070\004\071}{chapter.4}% 27
\BOOKMARK [1][-]{section.4.3}{\376\377\004\024\004\076\004\101\004\102\004\103\004\077\000\040\004\072\000\040\004\076\004\061\004\100\004\060\004\061\004\076\004\102\004\060\004\075\004\075\004\113\004\074\000\040\004\104\004\060\004\071\004\073\004\060\004\074}{chapter.4}% 28
\BOOKMARK [1][-]{section.4.4}{\376\377\004\037\004\060\004\100\004\060\004\074\004\065\004\102\004\100\004\113\000\040\004\101\004\066\004\060\004\102\004\070\004\117\000\040\004\070\004\067\004\076\004\061\004\100\004\060\004\066\004\065\004\075\004\070\004\071}{chapter.4}% 29
\BOOKMARK [1][-]{section.4.5}{\376\377\004\035\004\060\004\067\004\062\004\060\004\075\004\070\004\117\000\040\004\104\004\060\004\071\004\073\004\076\004\062\000\040\004\070\004\067\004\076\004\061\004\100\004\060\004\066\004\065\004\075\004\070\004\071}{chapter.4}% 30
\BOOKMARK [1][-]{section.4.6}{\376\377\004\032\004\060\004\073\004\070\004\061\004\100\004\076\004\062\004\076\004\107\004\075\004\113\004\065\000\040\004\117\004\107\004\065\004\071\004\072\004\070}{chapter.4}% 31
\BOOKMARK [0][-]{chapter.5}{\376\377\004\046\004\070\004\102\004\070\004\100\004\076\004\062\004\060\004\075\004\070\004\065\000\040\004\076\004\061\004\100\004\060\004\067\004\106\004\076\004\062}{}% 32
\BOOKMARK [0][-]{section*.109}{\376\377\004\020\004\073\004\104\004\060\004\062\004\070\004\102\004\075\004\113\004\071\000\040\004\103\004\072\004\060\004\067\004\060\004\102\004\065\004\073\004\114}{}% 33
